int -- -1
id -- 100
; -- -1
bool -- -1
id -- 610
:= -- -1
true -- -1
; -- -1
read -- -1
( -- -1
id -- 100
) -- -1
; -- -1
for -- -1
( -- -1
int -- -1
id -- 50
:= -- -1
constant -- 500
; -- -1
id -- 50
<= -- -1
id -- 100
div -- -1
constant -- 500
; -- -1
id -- 50
++ -- -1
) -- -1
{ -- -1
if -- -1
( -- -1
id -- 100
mod -- -1
id -- 50
= -- -1
constant -- 480
) -- -1
{ -- -1
id -- 610
:= -- -1
false -- -1
; -- -1
} -- -1
} -- -1
if -- -1
( -- -1
id -- 610
) -- -1
{ -- -1
write -- -1
( -- -1
constant -- 90
) -- -1
; -- -1
} -- -1
{ -- -1
write -- -1
( -- -1
constant -- 780
) -- -1
; -- -1
} -- -1
